[2023-03-22 15:22:53.490] [physics] [info] Setting Physics...
[2023-03-22 15:22:53.490] [physics] [info]    Setting Optical Physics...
[2023-03-22 15:22:53.490] [physics] [info]    Setting Fast Simulation Physics...
[2023-03-22 15:22:53.490] [physics] [info]    Setting EM Physics...
[2023-03-22 15:22:53.491] [physics] [info]    Setting Decay Physics...
[2023-03-22 15:22:53.491] [physics] [info]    Done.
[2023-03-22 15:22:53.458] [main] [info] Starting main execution...
[2023-03-22 15:22:53.494] [main] [info] Setting Construction...
[2023-03-22 15:22:53.494] [main] [info] Setting Action Initialization...
[2023-03-22 15:22:53.501] [construction] [info] Constructing...
[2023-03-22 15:22:53.501] [construction] [info] Generating Physical World...
[2023-03-22 15:22:53.501] [construction] [info] Generating Physical CARAPUCA...
[2023-03-22 15:22:53.501] [construction] [info] Building Front Plate...
[2023-03-22 15:22:53.502] [construction] [info]    Building External...
[2023-03-22 15:22:53.502] [construction] [info]    Building Filter...
[2023-03-22 15:22:53.502] [construction] [info]    Building WindowCutFilter...
[2023-03-22 15:22:53.502] [construction] [info]    Building WindowCutSipm...
[2023-03-22 15:22:53.502] [construction] [info]    Building WindowCutWindow...
[2023-03-22 15:22:53.502] [construction] [info]    Assembling Front Plate...
[2023-03-22 15:22:53.502] [construction] [info]    Done.
[2023-03-22 15:31:00.616] [physics] [info] Setting Physics...
[2023-03-22 15:31:00.616] [physics] [info]    Setting Optical Physics...
[2023-03-22 15:31:00.617] [physics] [info]    Setting Fast Simulation Physics...
[2023-03-22 15:31:00.617] [physics] [info]    Setting EM Physics...
[2023-03-22 15:31:00.617] [physics] [info]    Setting Decay Physics...
[2023-03-22 15:31:00.617] [physics] [info]    Done.
[2023-03-22 15:31:00.584] [main] [info] Starting main execution...
[2023-03-22 15:31:00.620] [main] [info] Setting Construction...
[2023-03-22 15:31:00.620] [main] [info] Setting Action Initialization...
[2023-03-22 15:31:00.626] [construction] [info] Constructing...
[2023-03-22 15:31:00.626] [construction] [info] Generating Physical World...
[2023-03-22 15:31:00.626] [construction] [info] Generating Physical CARAPUCA...
[2023-03-22 15:31:00.627] [construction] [info] Building Front Plate...
[2023-03-22 15:31:00.627] [construction] [info]    Building External...
[2023-03-22 15:31:00.627] [construction] [info]    Building Filter...
[2023-03-22 15:31:00.627] [construction] [info]    Building WindowCutFilter...
[2023-03-22 15:31:00.627] [construction] [info]    Building WindowCutSipm...
[2023-03-22 15:31:00.627] [construction] [info]    Building WindowCutWindow...
[2023-03-22 15:31:00.627] [construction] [info]    Assembling Front Plate...
[2023-03-22 15:31:00.627] [construction] [info]    Done.
[2023-03-22 18:15:15.323] [physics] [info] Setting Physics...
[2023-03-22 18:15:15.323] [physics] [info]    Setting Optical Physics...
[2023-03-22 18:15:15.323] [physics] [info]    Setting Fast Simulation Physics...
[2023-03-22 18:15:15.323] [physics] [info]    Setting EM Physics...
[2023-03-22 18:15:15.325] [physics] [info]    Setting Decay Physics...
[2023-03-22 18:15:15.326] [physics] [info]    Done.
[2023-03-22 18:15:15.287] [main] [info] Starting main execution...
[2023-03-22 18:15:15.329] [main] [info] Setting Construction...
[2023-03-22 18:15:15.329] [main] [info] Setting Action Initialization...
[2023-03-22 18:15:15.334] [construction] [info] Constructing...
[2023-03-22 18:15:15.334] [construction] [info] Generating Physical World...
[2023-03-22 18:15:15.335] [construction] [info] Generating Physical CARAPUCA...
[2023-03-22 18:15:15.335] [construction] [info] Building Front Plate...
[2023-03-22 18:15:15.336] [construction] [info]    Building External...
[2023-03-22 18:15:15.336] [construction] [info]    Building Filter...
[2023-03-22 18:15:15.336] [construction] [info]    Building WindowCutFilter...
[2023-03-22 18:15:15.336] [construction] [info]    Building WindowCutSipm...
[2023-03-22 18:15:15.336] [construction] [info]    Building WindowCutWindow...
[2023-03-22 18:15:15.336] [construction] [info]    Assembling Front Plate...
[2023-03-22 18:15:15.336] [construction] [info]    Done.
[2023-03-22 19:34:13.109] [physics] [info] Setting Physics...
[2023-03-22 19:34:13.109] [physics] [info]    Setting Optical Physics...
[2023-03-22 19:34:13.110] [physics] [info]    Setting Fast Simulation Physics...
[2023-03-22 19:34:13.110] [physics] [info]    Setting EM Physics...
[2023-03-22 19:34:13.110] [physics] [info]    Setting Decay Physics...
[2023-03-22 19:34:13.110] [physics] [info]    Done.
[2023-03-22 19:34:13.080] [main] [info] Starting main execution...
[2023-03-22 19:34:13.113] [main] [info] Setting Construction...
[2023-03-22 19:34:13.113] [main] [info] Setting Action Initialization...
[2023-03-22 19:34:13.119] [construction] [info] Constructing...
[2023-03-22 19:34:13.119] [construction] [info] Generating Physical World...
[2023-03-22 19:34:13.119] [construction] [info] Generating Physical CARAPUCA...
[2023-03-22 19:34:13.119] [construction] [info] Building Front Plate...
[2023-03-22 19:34:13.119] [construction] [info]    Building External...
[2023-03-22 19:34:13.119] [construction] [info]    Building Filter...
[2023-03-22 19:34:13.119] [construction] [info]    Building WindowCutFilter...
[2023-03-22 19:34:13.119] [construction] [info]    Building WindowCutSipm...
[2023-03-22 19:34:13.119] [construction] [info]    Building WindowCutWindow...
[2023-03-22 19:34:13.119] [construction] [info]    Assembling Front Plate...
[2023-03-22 19:34:13.120] [construction] [info]    Done.
